5642
1419
3724
1669
6564
6084
7595
2654
2665
4770
5245
2528
3442
5429
8530
1380
888
8199
2168
8439
857
1760
5921
6135
6347
3907
6783
928
2754
2427
3258
618
8434
4438
8166
222
3543
985
3596
6104
7492
3768
7669
7720
3793
5140
6475
1749
3310
8140
5478
5539
6485
2897
3506
7044
6881
5284
1977
5105
3107
3637
2174
5770
2419
4041
2456
2711
285
5605
3686
2503
1467
5485
565
5998
6260
5823
7889
2313
7310
8236
7032
6194
5382
3144
452
2750
6442
7888
7987
8413
8342
7141
242
6265
1916
2283
8370
7517
8078
5974
4393
3897
8442
2284
8211
1375
3969
6102
7117
2882
6307
4523
6154
4773
1673
456
314
5285
314
5264
7494
5841
4759
2925
6379
2508
896
4900
4303
831
8558
4277
7696
7487
1854
6806
5382
3497
7783
3769
2764
1485
6235
1222
214
6047
2556
2733
2131
1221
8336
583
1117
8513
7285
6646
3133
5057
7119
4559
5534
6231
1642
4601
706
4856
1858
698
422
5375
8551
6528
2381
3494
2880
7065
5184
8426
2042
615
2557
6954
4861
7603
6438
5419
4099
3888
934
6583
6315
1389
5055
2237
606
7885
3388
5445
6814
8558
4938
5705
6734
1094
1753
4628
1752
3257
5403
901
6323
4809
5999
2925
686
7338
6539
6964
1515
8535
4044
7777
4119
4445
2783
4471
4680
2122
1272
6251
5669
6795
4316
4988
6620
5939
2925
4756
4647
7688
1365
4785
399
309
1560
4278
1329
2497
2802
1834
6543
1182
4638
2820
3042
8226
4272
6338
5038
4747
5539
1229
1436
8118
771
5723
1090
452
5624
734
3518
6465
943
3928
3343
1887
6981
1061
4803
8481
3528
6410
6796
5700
6341
3716
880
4515
7595
1194
6668
5327
2915
4737
6918
7265
3663
4042
574
7473
3418
3785
1935
7754
5127
8296
3733
5137
3153
2948
4580
1851
4359
3328
3250
1996
3461
337
6712
8382
7085
7751
1070
5639
4888
5832
5461
2787
1661
3363
6619
6601
922
6126
3914
2961
5004
3837
3536
2081
6453
7645
5452
7635
7449
6545
4344
4645
6020
3739
8291
4781
1556
5401
431
5492
4517
3685
7867
6594
6998
3215
6268
1485
5914
1742
3442
4137
5131
3181
3041
4804
5626
5816
7616
4575
437
5582
529
2323
2335
3227
4342
3309
852
3673
2429
5670
2747
4883
2858
5305
6547
7061
3375
4351
499
3296
5274
2129
6435
7237
973
5963
387
5285
3270
3135
7692
2865
7055
3627
7310
380
4986
7184
6771
345
7778
8481
806
8295
2397
1177
3671
4132
3691
988
7271
4829
4700
5870
2231
3773
1414
4975
5154
3774
6017
2077
4089
6043
558
6113
2401
5544
5009
2345
4405
4229
4793
3781
7683
4163
2236
5517
8487
1199
8211
2135
6498
5542
2352
3654
6284
5816
4907
1682
8444
6810
3688
6177
5017
1322
3347
2096
6012
5474
4038
3960
2495
5996
3071
1913
4750
5298
332
4019
4405
3679
6541
8340
7908
1426
1710
3411
1876
1524
1770
5236
1329
8166
6029
2922
3077
2854
3562
7042
851
7243
5676
7035
6091
8429
4442
5596
7798
8266
7628
8447
7545
5496
3653
3370
4225
6695
4899
6588
4855
5892
6281
4758
4613
6504
7676
7928
8185
6304
3660
4728
6181
4578
6180
2683
346
1478
2806
1165
7623
2847
5473
4387
4353
5955
8547
1986
4735
6139
2280
500
1929
3433
4881
5008
3647
354
1892
6835
4978
620
3684
4266
3617
7619
5886
619
7820
384
611
8273
7155
2859
3999
2008
976
2112
4000
5897
1207
7426
818
5124
2546
5591
396
3305
5527
7537
2022
2200
8509
672
856
1733
7731
6204
647
4526
6746
4220
7381
1313
1444
8366
1927
8154
4997
1855
1700
653
7375
5575
3360
6379
4125
7157
5425
2808
6482
1199
8286
2687
6147
3514
1681
2523
4823
5744
2296
4801
2966
2841
8029
6860
6445
6415
6615
4517
4505
1908
2080
577
3678
3536
2082
1368
5332
2324
465
3628
5709
7677
4220
8613
1238
870
4759
660
918
4390
3619
8092
7209
271
6959
4648
4471
3000
592
4306
3734
5177
6562
7277
2714
180
4165
8324
799
5923
7362
8153
6836
5873
6228
2282
4966
441
741
7727
4238
7635
2165
4022
6872
1443
6316
1107
5887
6016
809
7861
3798
8366
6435
4783
4479
2065
1173
5436
1315
4999
387
8013
3777
1287
4336
8284
618
2622
8213
2107
6776
4289
916
6252
6314
2179
7387
5662
7284
5650
2304
2446
730
5388
3995
4604
5910
7677
7754
5605
4079
3412
6414
7604
4789
7983
2085
3225
7998
4083
8645
7454
8016
3785
8152
7318
6346
4196
1610
7327
2267
5345
6415
2726
7903
328
3594
3709
5575
6075
1403
371
1562
1748
5472
1133
3333
6293
7584
3718
7349
771
3368
3922
2259
6657
8164
5606
8376
6142
8687
1766
458
7585
1259
6732
4146
3512
4065
4535
250
413
1807
5207
2282
5147
3702
5034
2453
7722
2748
5610
3890
8189
6414
1199
6047
3162
2656
5704
406
6390
8096
6598
6912
5729
1726
6753
1137
8418
5458
625
6585
7282
294
1210
3634
7166
2788
8541
743
7104
4894
564
5199
8555
3268
6091
8153
4874
1420
7930
1333
1753
1757
1758
1264
5240
6097
1173
8340
4385
2379
7141
7703
1825
8577
8380
3771
5877
5379
4466
4696
896
5315
853
5851
4940
1242
458
4270
6080
7411
4345
8004
3003
1427
3557
6816
7680
7053
7264
3132
8007
7698
2095
3779
6993
1606
1107
8057
187
869
2274
7003
3332
7710
7674
7564
5383
4787
2360
3922
7266
4531
3016
6748
8054
1041
2755
7438
2347
4689
4865
5531
863
8100
5059
2033
2976
975
5475
3852
5372
7294
430
4627
3393
552
6562
4426
2477
7915
2662
767
3858
6742
5995
1594
972
5285
7372
5367
1678
3264
3037
4782
6295
5400
4079
6851
6803
670
2628
3046
4308
7995
6752
4599
6789
8690
6793
2690
7008
2626
1838
1221
2552
7572
5748
4196
1188
741
2836
3271
275
